0 info it worked if it ends with ok
1 verbose cli [ '/usr/local/bin/node', '/usr/local/bin/npm', 'run', 'dev' ]
2 info using npm@3.10.3
3 info using node@v6.4.0
4 verbose run-script [ 'predev', 'dev', 'postdev' ]
5 info lifecycle traffic-info@2.0.0~predev: traffic-info@2.0.0
6 silly lifecycle traffic-info@2.0.0~predev: no script for predev, continuing
7 info lifecycle traffic-info@2.0.0~dev: traffic-info@2.0.0
8 verbose lifecycle traffic-info@2.0.0~dev: unsafe-perm in lifecycle true
9 verbose lifecycle traffic-info@2.0.0~dev: PATH: /usr/local/lib/node_modules/npm/bin/node-gyp-bin:/Users/ysj/WebstormProjects/vue-demo/traffic-info/node_modules/.bin:/usr/local/bin:/Library/Java/JavaVirtualMachines/jdk1.8.0_45.jdk/Contents/Home/bin:.;/usr/local/bin:/usr/bin:/bin:/usr/sbin:/sbin:/opt/X11/bin:/usr/local/git/bin:/usr/local/bin:/Users/ysj/myApp/apache-tomcat-8.0.23/bin
10 verbose lifecycle traffic-info@2.0.0~dev: CWD: /Users/ysj/WebstormProjects/vue-demo/traffic-info
11 silly lifecycle traffic-info@2.0.0~dev: Args: [ '-c',
11 silly lifecycle   'webpack-dev-server --inline --hot --compress --history-api-fallback --config build/webpack.dev.config.js' ]
12 silly lifecycle traffic-info@2.0.0~dev: Returned: code: 1  signal: null
13 info lifecycle traffic-info@2.0.0~dev: Failed to exec dev script
14 verbose stack Error: traffic-info@2.0.0 dev: `webpack-dev-server --inline --hot --compress --history-api-fallback --config build/webpack.dev.config.js`
14 verbose stack Exit status 1
14 verbose stack     at EventEmitter.<anonymous> (/usr/local/lib/node_modules/npm/lib/utils/lifecycle.js:242:16)
14 verbose stack     at emitTwo (events.js:106:13)
14 verbose stack     at EventEmitter.emit (events.js:191:7)
14 verbose stack     at ChildProcess.<anonymous> (/usr/local/lib/node_modules/npm/lib/utils/spawn.js:40:14)
14 verbose stack     at emitTwo (events.js:106:13)
14 verbose stack     at ChildProcess.emit (events.js:191:7)
14 verbose stack     at maybeClose (internal/child_process.js:852:16)
14 verbose stack     at Process.ChildProcess._handle.onexit (internal/child_process.js:215:5)
15 verbose pkgid traffic-info@2.0.0
16 verbose cwd /Users/ysj/WebstormProjects/vue-demo/traffic-info
17 error Darwin 14.3.0
18 error argv "/usr/local/bin/node" "/usr/local/bin/npm" "run" "dev"
19 error node v6.4.0
20 error npm  v3.10.3
21 error code ELIFECYCLE
22 error traffic-info@2.0.0 dev: `webpack-dev-server --inline --hot --compress --history-api-fallback --config build/webpack.dev.config.js`
22 error Exit status 1
23 error Failed at the traffic-info@2.0.0 dev script 'webpack-dev-server --inline --hot --compress --history-api-fallback --config build/webpack.dev.config.js'.
23 error Make sure you have the latest version of node.js and npm installed.
23 error If you do, this is most likely a problem with the traffic-info package,
23 error not with npm itself.
23 error Tell the author that this fails on your system:
23 error     webpack-dev-server --inline --hot --compress --history-api-fallback --config build/webpack.dev.config.js
23 error You can get information on how to open an issue for this project with:
23 error     npm bugs traffic-info
23 error Or if that isn't available, you can get their info via:
23 error     npm owner ls traffic-info
23 error There is likely additional logging output above.
24 verbose exit [ 1, true ]
