13:51:10.182 INFO - Launching a standalone Selenium Server
13:51:10.254 INFO - Java: Oracle Corporation 25.45-b02
13:51:10.254 INFO - OS: Mac OS X 10.10.3 x86_64
13:51:10.278 INFO - v2.53.1, with Core v2.53.1. Built from revision a36b8b1
13:51:10.430 INFO - Driver provider org.openqa.selenium.ie.InternetExplorerDriver registration is skipped:
registration capabilities Capabilities [{ensureCleanSession=true, browserName=internet explorer, version=, platform=WINDOWS}] does not match the current platform MAC
13:51:10.431 INFO - Driver provider org.openqa.selenium.edge.EdgeDriver registration is skipped:
registration capabilities Capabilities [{browserName=MicrosoftEdge, version=, platform=WINDOWS}] does not match the current platform MAC
13:51:10.431 INFO - Driver class not found: com.opera.core.systems.OperaDriver
13:51:10.431 INFO - Driver provider com.opera.core.systems.OperaDriver is not registered
13:51:10.436 INFO - Driver class not found: org.openqa.selenium.htmlunit.HtmlUnitDriver
13:51:10.437 INFO - Driver provider org.openqa.selenium.htmlunit.HtmlUnitDriver is not registered
13:51:10.539 INFO - RemoteWebDriver instances should connect to: http://127.0.0.1:4444/wd/hub
13:51:10.539 INFO - Selenium Server is up and running
13:51:11.081 INFO - Executing: [new session: Capabilities [{acceptSslCerts=true, name=Demo, browserName=chrome, javascriptEnabled=true, platform=ANY}]])
13:51:11.100 INFO - Creating a new session for Capabilities [{acceptSslCerts=true, name=Demo, browserName=chrome, javascriptEnabled=true, platform=ANY}]
Starting ChromeDriver 2.23.409710 (0c4084804897ac45b5ff65a690ec6583b97225c0) on port 22313
Only local connections are allowed.
13:51:12.838 INFO - Done: [new session: Capabilities [{acceptSslCerts=true, name=Demo, browserName=chrome, javascriptEnabled=true, platform=ANY}]]
13:51:12.855 INFO - Executing: [get: http://bing.com])
13:51:14.485 INFO - Done: [get: http://bing.com]
13:51:14.514 INFO - Executing: [maximise window])
13:51:14.986 INFO - Done: [maximise window]
13:51:14.992 INFO - Executing: [find elements: By.cssSelector: body])
13:51:15.029 INFO - Done: [find elements: By.cssSelector: body]
13:51:15.039 INFO - Executing: [find elements: By.cssSelector: #sb_form_q])
13:51:15.070 INFO - Done: [find elements: By.cssSelector: #sb_form_q]
13:51:15.079 INFO - Executing: [is displayed: 1 [[ChromeDriver: chrome on MAC (cd2172fbf0e66b8f1611a80a5347ff9a)] -> css selector: #sb_form_q]])
13:51:15.097 INFO - Done: [is displayed: 1 [[ChromeDriver: chrome on MAC (cd2172fbf0e66b8f1611a80a5347ff9a)] -> css selector: #sb_form_q]]
13:51:17.109 INFO - Executing: [find element: By.cssSelector: #sb_form_q])
13:51:17.217 INFO - Done: [find element: By.cssSelector: #sb_form_q]
13:51:17.223 INFO - Executing: [send keys: 1 [[ChromeDriver: chrome on MAC (cd2172fbf0e66b8f1611a80a5347ff9a)] -> css selector: #sb_form_q], [w, h, a, t,  , i, s,  , m, i, c, r, o, s, o, f, t]])
13:51:17.301 INFO - Done: [send keys: 1 [[ChromeDriver: chrome on MAC (cd2172fbf0e66b8f1611a80a5347ff9a)] -> css selector: #sb_form_q], [w, h, a, t,  , i, s,  , m, i, c, r, o, s, o, f, t]]
13:51:17.310 INFO - Executing: [find element: By.cssSelector: #sb_form_go])
13:51:17.340 INFO - Done: [find element: By.cssSelector: #sb_form_go]
13:51:17.349 INFO - Executing: [click: 2 [[ChromeDriver: chrome on MAC (cd2172fbf0e66b8f1611a80a5347ff9a)] -> css selector: #sb_form_go]])
13:51:18.003 INFO - Done: [click: 2 [[ChromeDriver: chrome on MAC (cd2172fbf0e66b8f1611a80a5347ff9a)] -> css selector: #sb_form_go]]
13:51:20.016 INFO - Executing: [find elements: By.cssSelector: body])
13:51:20.123 INFO - Done: [find elements: By.cssSelector: body]
13:51:20.130 INFO - Executing: [take screenshot])
13:51:20.466 INFO - Done: [take screenshot]
13:51:20.551 INFO - Executing: [delete session: fdbcd391-9fd5-4add-9b2e-70950f370405])
13:51:20.651 INFO - Done: [delete session: fdbcd391-9fd5-4add-9b2e-70950f370405]
